<testsuite tests='7' results='0' failures='7' disabled='0' errors='0' time='0.16' name='behavior.new_user_creation'>
  <testcase classname='behavior.new_user_creation' name='creation succesfull with correct username and password' time='0.008'>
    <failure message='Step "command new user is selected" -- Could not find matching constructor for: ohtu.services.AuthenticationService(ohtu.data_access.InMemoryUserDao); Step "a valid username and password are entered" -- No such property: app for class: new_user_creation; Step "new user is registered to system" -- No such property: io for class: new_user_creation'>Step "command new user is selected" -- Could not find matching constructor for: ohtu.services.AuthenticationService(ohtu.data_access.InMemoryUserDao); Step "a valid username and password are entered" -- No such property: app for class: new_user_creation; Step "new user is registered to system" -- No such property: io for class: new_user_creation

    scenario creation succesfull with correct username and password
      given command new user is selected
      when a valid username and password are entered
      then new user is registered to system</failure>
  </testcase>
  <testcase classname='behavior.new_user_creation' name='can login with succesfully generated account' time='0.002'>
    <failure message='Step "command new user is selected" -- Could not find matching constructor for: ohtu.services.AuthenticationService(ohtu.data_access.InMemoryUserDao); Step "a valid username and password are entered" -- No such property: app for class: new_user_creation; Step "new credentials allow logging in to system" -- No such property: io for class: new_user_creation'>Step "command new user is selected" -- Could not find matching constructor for: ohtu.services.AuthenticationService(ohtu.data_access.InMemoryUserDao); Step "a valid username and password are entered" -- No such property: app for class: new_user_creation; Step "new credentials allow logging in to system" -- No such property: io for class: new_user_creation

    scenario can login with succesfully generated account
      given command new user is selected
      when a valid username and password are entered
      then new credentials allow logging in to system</failure>
  </testcase>
  <testcase classname='behavior.new_user_creation' name='creation fails with correct username and too short password' time='0.002'>
    <failure message='Step "command new user is selected" -- Could not find matching constructor for: ohtu.services.AuthenticationService(ohtu.data_access.InMemoryUserDao); Step "a valid username and too short password are entered" -- No such property: app for class: new_user_creation; Step "new user is not be registered to system" -- No such property: io for class: new_user_creation'>Step "command new user is selected" -- Could not find matching constructor for: ohtu.services.AuthenticationService(ohtu.data_access.InMemoryUserDao); Step "a valid username and too short password are entered" -- No such property: app for class: new_user_creation; Step "new user is not be registered to system" -- No such property: io for class: new_user_creation

    scenario creation fails with correct username and too short password
      given command new user is selected
      when a valid username and too short password are entered
      then new user is not be registered to system</failure>
  </testcase>
  <testcase classname='behavior.new_user_creation' name='creation fails with correct username and pasword consisting of letters' time='0.003'>
    <failure message='Step "command new user is selected" -- Could not find matching constructor for: ohtu.services.AuthenticationService(ohtu.data_access.InMemoryUserDao); Step "a valid username and password consisting of letters are entered" -- No such property: app for class: new_user_creation; Step "new user is not be registered to system" -- No such property: io for class: new_user_creation'>Step "command new user is selected" -- Could not find matching constructor for: ohtu.services.AuthenticationService(ohtu.data_access.InMemoryUserDao); Step "a valid username and password consisting of letters are entered" -- No such property: app for class: new_user_creation; Step "new user is not be registered to system" -- No such property: io for class: new_user_creation

    scenario creation fails with correct username and pasword consisting of letters
      given command new user is selected
      when a valid username and password consisting of letters are entered
      then new user is not be registered to system</failure>
  </testcase>
  <testcase classname='behavior.new_user_creation' name='creation fails with too short username and valid pasword' time='0.004'>
    <failure message='Step "command new user is selected" -- Could not find matching constructor for: ohtu.services.AuthenticationService(ohtu.data_access.InMemoryUserDao); Step "a too sort username and valid password are entered" -- No such property: app for class: new_user_creation; Step "new user is not be registered to system" -- No such property: io for class: new_user_creation'>Step "command new user is selected" -- Could not find matching constructor for: ohtu.services.AuthenticationService(ohtu.data_access.InMemoryUserDao); Step "a too sort username and valid password are entered" -- No such property: app for class: new_user_creation; Step "new user is not be registered to system" -- No such property: io for class: new_user_creation

    scenario creation fails with too short username and valid pasword
      given command new user is selected
      when a too sort username and valid password are entered
      then new user is not be registered to system</failure>
  </testcase>
  <testcase classname='behavior.new_user_creation' name='creation fails with already taken username and valid pasword' time='0.005'>
    <failure message='Step "command new user is selected" -- Could not find matching constructor for: ohtu.services.AuthenticationService(ohtu.data_access.InMemoryUserDao); Step "a already taken username and valid password are entered" -- No such property: app for class: new_user_creation; Step "new user is not be registered to system" -- No such property: io for class: new_user_creation'>Step "command new user is selected" -- Could not find matching constructor for: ohtu.services.AuthenticationService(ohtu.data_access.InMemoryUserDao); Step "a already taken username and valid password are entered" -- No such property: app for class: new_user_creation; Step "new user is not be registered to system" -- No such property: io for class: new_user_creation

    scenario creation fails with already taken username and valid pasword
      given command new user is selected
      when a already taken username and valid password are entered
      then new user is not be registered to system</failure>
  </testcase>
  <testcase classname='behavior.new_user_creation' name='can not login with account that is not succesfully created' time='0.004'>
    <failure message='Step "command new user is selected" -- Could not find matching constructor for: ohtu.services.AuthenticationService(ohtu.data_access.InMemoryUserDao); Step "a invalid username/password are entered" -- No such property: app for class: new_user_creation; Step "new credentials do not allow logging in to system" -- Could not find matching constructor for: ohtu.services.AuthenticationService(ohtu.data_access.InMemoryUserDao)'>Step "command new user is selected" -- Could not find matching constructor for: ohtu.services.AuthenticationService(ohtu.data_access.InMemoryUserDao); Step "a invalid username/password are entered" -- No such property: app for class: new_user_creation; Step "new credentials do not allow logging in to system" -- Could not find matching constructor for: ohtu.services.AuthenticationService(ohtu.data_access.InMemoryUserDao)

    scenario can not login with account that is not succesfully created
      given command new user is selected
      when a invalid username/password are entered
      then new credentials do not allow logging in to system</failure>
  </testcase>
</testsuite>